<?xml version="1.0" encoding="UTF-8"?>
<testng-results skipped="0" failed="0" ignored="0" total="1" passed="1">
  <reporter-output>
  </reporter-output>
  <suite name="Command line suite" duration-ms="7" started-at="2020-05-14T08:00:40Z" finished-at="2020-05-14T08:00:40Z">
    <groups>
    </groups>
    <test name="Command line test" duration-ms="7" started-at="2020-05-14T08:00:40Z" finished-at="2020-05-14T08:00:40Z">
      <class name="Automation.Fisdom.AppTest">
        <test-method status="PASS" signature="testApp()[pri:0, instance:testApp(Automation.Fisdom.AppTest)]" name="testApp" duration-ms="1" started-at="2020-05-14T13:30:40Z" finished-at="2020-05-14T13:30:40Z">
          <reporter-output>
          </reporter-output>
        </test-method> <!-- testApp -->
      </class> <!-- Automation.Fisdom.AppTest -->
    </test> <!-- Command line test -->
  </suite> <!-- Command line suite -->
</testng-results>
