<?xml version="1.0" encoding="UTF-8"?>
<!-- Generated by org.testng.reporters.JUnitXMLReporter -->
<testsuite hostname="Rohiths-MacBook-Pro.local" ignored="0" name="Default test" tests="5" failures="0" timestamp="14 May 2020 09:15:28 GMT" time="1.123" errors="0">
  <testcase name="checkGeneratedAuthToken" time="0.007" classname="Automation.Fisdom.FisdomTest"/>
  <testcase name="createFlightBooking" time="0.273" classname="Automation.Fisdom.FisdomTest"/>
  <testcase name="getBookingDetails" time="0.298" classname="Automation.Fisdom.FisdomTest"/>
  <testcase name="updateBooking" time="0.305" classname="Automation.Fisdom.FisdomTest"/>
  <testcase name="partialUpdateBooking" time="0.22" classname="Automation.Fisdom.FisdomTest"/>
</testsuite> <!-- Default test -->
