<?xml version="1.0" encoding="UTF-8"?>
<testng-results skipped="0" failed="0" ignored="0" total="5" passed="5">
  <reporter-output>
  </reporter-output>
  <suite name="Command line suite" duration-ms="1100" started-at="2020-05-14T08:00:39Z" finished-at="2020-05-14T08:00:40Z">
    <groups>
    </groups>
    <test name="Command line test" duration-ms="1100" started-at="2020-05-14T08:00:39Z" finished-at="2020-05-14T08:00:40Z">
      <class name="Automation.Fisdom.FisdomTest">
        <test-method status="PASS" signature="checkGeneratedAuthToken()[pri:1, instance:Automation.Fisdom.FisdomTest@1a4013]" name="checkGeneratedAuthToken" duration-ms="4" started-at="2020-05-14T13:30:39Z" finished-at="2020-05-14T13:30:39Z">
          <reporter-output>
          </reporter-output>
        </test-method> <!-- checkGeneratedAuthToken -->
        <test-method status="PASS" signature="createFlightBooking()[pri:2, instance:Automation.Fisdom.FisdomTest@1a4013]" name="createFlightBooking" duration-ms="318" started-at="2020-05-14T13:30:39Z" finished-at="2020-05-14T13:30:39Z">
          <reporter-output>
          </reporter-output>
        </test-method> <!-- createFlightBooking -->
        <test-method status="PASS" signature="getBookingDetails()[pri:3, instance:Automation.Fisdom.FisdomTest@1a4013]" name="getBookingDetails" duration-ms="304" started-at="2020-05-14T13:30:39Z" finished-at="2020-05-14T13:30:40Z">
          <reporter-output>
          </reporter-output>
        </test-method> <!-- getBookingDetails -->
        <test-method status="PASS" signature="updateBooking()[pri:4, instance:Automation.Fisdom.FisdomTest@1a4013]" name="updateBooking" duration-ms="224" started-at="2020-05-14T13:30:40Z" finished-at="2020-05-14T13:30:40Z">
          <reporter-output>
          </reporter-output>
        </test-method> <!-- updateBooking -->
        <test-method status="PASS" signature="partialUpdateBooking()[pri:5, instance:Automation.Fisdom.FisdomTest@1a4013]" name="partialUpdateBooking" duration-ms="231" started-at="2020-05-14T13:30:40Z" finished-at="2020-05-14T13:30:40Z">
          <reporter-output>
          </reporter-output>
        </test-method> <!-- partialUpdateBooking -->
      </class> <!-- Automation.Fisdom.FisdomTest -->
    </test> <!-- Command line test -->
  </suite> <!-- Command line suite -->
</testng-results>
