<?xml version="1.0" encoding="UTF-8"?>
<!-- Generated by org.testng.reporters.JUnitXMLReporter -->
<testsuite hostname="Rohiths-MacBook-Pro.local" ignored="0" name="Command line test" tests="5" failures="0" timestamp="14 May 2020 08:00:40 GMT" time="1.1" errors="0">
  <testcase name="checkGeneratedAuthToken" time="0.004" classname="Automation.Fisdom.FisdomTest"/>
  <testcase name="createFlightBooking" time="0.318" classname="Automation.Fisdom.FisdomTest"/>
  <testcase name="getBookingDetails" time="0.304" classname="Automation.Fisdom.FisdomTest"/>
  <testcase name="updateBooking" time="0.224" classname="Automation.Fisdom.FisdomTest"/>
  <testcase name="partialUpdateBooking" time="0.231" classname="Automation.Fisdom.FisdomTest"/>
</testsuite> <!-- Command line test -->
